Reference, Hypothesis, Dist_score, Nr_of_sub, Nr_of_del, Nr_of_ins
het|----brood|is|op.,het|het|brood|is|op.,4.0,0,0,4
de|kaas|is|ook|bijna|op.,de|kaas|is|ook|bijna|op-,1.0,0,1,0
mama|zegt:|ik|ga|----naar|de|winkel.,mama|zegt-|ik|ga|e|e|naar|de|winkel.,5.0,0,1,4
ik|ha--a-l|een|brood|bij|de|bakker.,ik|ha|haal|een|brood|bij|de|bakker.,3.0,0,0,3
-e-n|daarna|koop|ik|kaas.,daar|daarna|koop|ik|kaas.,6.0,2,0,2
wie|gaat|er|mee?,wie|gaat|er|mee?,0,0,0,0
ik|ga|mee,|roept|tom.,ik|ga|mee-|roept|Tom.,1.0,1,1,0
en|ik|haal|poes,|zegt|an.,en|ik|haal|poes.|zegt|An.,2.0,2,0,0
wa-----------nt|poes|gaat|gr---aag|naar|buiten.,wa|wa|poes|want|poes|gaat|gr|graag|naar|buiten.,14.0,0,0,14
mama|stopt|haar|in|een|mand.,mama|stopt|haar|in|een|mand.,0,0,0,0
an|sta---a-t|al|k---laar|en|wacht.,An|sta|staat|al|ka|klaar|en|wacht.,7.0,1,0,7
ze|heeft|haar|jas|aan.,ze|heeft|haar|jas|aan.,0,0,0,0
maar|waar|is|tom|naar|toe?,maar|waar|is|Tom|naar-toe?,1.0,1,1,0
tom|zoekt|zijn|schoen--.,Tom|zoekt|zijn|schoenen.,2.0,1,0,2
waar|is|die|schoen|toch?,waar|is|die|schoen|toch?,0,0,0,0
ik|tel|tot|tien,|roept|mama.,ik|tel|tot|tien.|roept|mama.,2.0,1,0,0
tom|zoekt|en|zoekt|maar|door.,Tom|zoekt|en|zoekt|maar|door.,0.0,1,0,0
waar|blij-----f|je?|vra---a-gt|mama.,waar|blij|blijf|je?|vra|vraagt|mama.,9.0,0,0,9
de|schoen|ligt|on---der|zijn|bed.,de|schoen|ligt|on|onder|zijn|bed.,3.0,0,0,3
sn---el|loopt|hij|de|gang|in.,sn|snel|loopt|hij|de|gang|in.,3.0,0,0,3
oef,|net|op|tijd.,oef-|net|op|tijd.,1.0,0,1,0
