Reference, Hypothesis, Dist_score, Nr_of_sub, Nr_of_del, Nr_of_ins
Jeroen|is|onze|buurman.,Jeroen|is|onze|buurman.,0,0,0,0
hij|houdt|van|grapjes|en|is|altijd|vrolijk.,hij|houdt|van|grapjes|en|is|altijd|vrolijk.,0,0,0,0
wanneer|we|voetballen,|doet|hij|graag|mee.,wanneer|we|voetballen-|doet|hij|graag|mee.,1.0,0,1,0
maar|nu|is|hij|verliefd.,maar|nu|is|hij|verliefd.,0,0,0,0
nu|heeft|hij|geen|zin|meer|in|---spelen.,nu|heeft|hij|geen|zin|meer|in|in|spelen.,3.0,0,0,3
hij|denkt|alleen|maar|aan|haar|en|loopt|met|zijn|hoofd|in|de|wolken.,hij|denkt|alleen|maar|aan|haar|en|loopt|met|zijn|hoofd|in|de|wolken.,0,0,0,0
mijn|mama|zegt|dat|dat|normaal|is,|als|je|pas|verliefd|bent.,mijn|mama|zegt|dat|dat|normaal|is-|als|je|pas|verliefd|bent.,1.0,0,1,0
en|dat|-------het|een|--heel|fijn|gevoel|is.,en|dat|en|dat|het|een|f|heel|fijn|gevoel|is.,9.0,0,0,9
we|stellen|hem|wel|honderd|--vragen.,we|stellen|hem|wel|honderd|g|vragen.,2.0,0,0,2
is|ze|knap|en|kan|ze|goed|voetballen?,is|ze|knap|en|kan|ze|goed|voetballen?,0,0,0,0
zijn|jullie|al|samen|naar|de|film|geweest?,zijn|jullie|al|samen|naar|de|film|geweest?,0,0,0,0
wanneer|zien|-----we|haar|een|keer?,wanneer|zien|zien|we|haar|een|keer?,5.0,0,0,5
haar|naam|is|Anneleen,|---------vertelt|hij.,haar|naam|is|Anneleen-|Anneleen|vertelt|hij.,10.0,0,1,9
ze|is|heel|sportief|maar|ze|kan|niet|zwemmen.-----,ze|is|heel|sportief|maar|ze|kan|niet|zwemmen.|ggg.,5.0,0,0,5
ze|speelt|wel|goed|bas----ketbal.,ze|speelt|wel|goed|bas|basketbal.,4.0,0,0,4
en|net|als|ik,|houdt|ze|van|muziek.,en|net|als|ik-|houdt|ze|van|muziek.,1.0,0,1,0
Jeroen|vertelt|dat|ze|niet|kan|lopen,|ze|zit|in|een|rolstoel.,Jeroen|vertelt|dat|ze|niet|kan|lopen-|ze|zit|in|een|rolstoel.,1.0,0,1,0
haar|twee|benen|zijn|verlamd,|zo|is|ze|geboren.----------,haar|twee|benen|zijn|verlamd.|zo|is|ze|geboren.|ggg.|ggg.,12.0,1,0,10
de|---bus|nemen|of|ergens|aanbellen|is|voor|haar|niet|gemakkelijk.-----,de|de|bus|nemen|of|ergens|aanbellen|is|voor|haar|niet|gemakkelijk.|ggg.,8.0,0,0,8
dan|verklapt|hij|dat|ze|s---------nel|zullen|samen|wonen.,dan|verklapt|hij|dat|ze|s|dat|ze|snel|zullen|samen|wonen-,10.0,0,1,9
en|dat|Anneleen|dan|onze|buurvrouw|wordt.,en|dat|Anneleen|dan|onze|buurvrouw|wordt.,0,0,0,0
dan|zullen|we|haar|vaak|genoeg|kunnen|zien!,dan|zullen|we|haar|vaak|genoeg|kunnen|zien.,2.0,1,0,0
