Reference, Hypothesis, Dist_score, Nr_of_sub, Nr_of_del, Nr_of_ins
Jeroen|is|onze|buurman.,Jeroen|is|onze|buurman.,0,0,0,0
hij|houdt|van|grapjes|en|-i---s|altijd|vrolij-k.,hij|houdt|van|grapjes|en|hij|is|altijd|---le-uk.,11.0,1,4,5
wanneer|we|voetballen,|doet|hij|graag|mee.,wanneer|we|voetballen-|doet|hij|graag|mee.,1.0,0,1,0
maar|nu|is|hij|verliefd.,maar|nu|is|hij|verliefd.,0,0,0,0
nu|heeft|hij|geen|zin|meer|---in|-----spelen.,nu|heeft|hij|geen|zin|meer|om|in|t|in|spelen.,8.0,0,0,8
hij|denkt|alleen|maar|aan|haar|en|loopt|met|zijn|hoofd|in|de|wolken.,hij|denkt|alleen|maar|aan|haar|en|loopt|met|zijn|hoofd|in|de|wolken.,0,0,0,0
mijn|mama|zegt|dat|dat|normaal|is,|als|je|pas|verliefd|bent.,mijn|mama|zegt|dat|dat|normaal|is.|als|je|pas|verliefd|bent.,2.0,1,0,0
en|dat|-h-e----t|e--e-n|heel|fijn|gevoel|is.,en|dat|is|en|dat|et|één|heel|fijn|gevoel|is.,13.0,2,0,9
we|stellen|hem|wel|honderd|vragen.,we|stellen|hem|wel|honderd|vragen.,0,0,0,0
is|ze|knap|en|kan|ze|goed|voetballen?,is|ze|knap|en|kan|ze|goed|voetballen?,0,0,0,0
zijn|jullie|al|samen|naar|de|film|geweest?,zijn|jullie|al|samen|naar|de|film|geweest?,0,0,0,0
wanneer|zi----e--------n|---w---e--|--------haar|een|keer?,wanneer|zijn|we|haar|een|!k|wanneer|zien|we|haar|een|keer?,28.0,0,0,28
haar|naam|is|Ann-el-een,|vertelt|hij.,haar|naam|is|An-ne-leen-|vertelt|hij.,5.0,0,3,2
ze|is|heel|sportief|maar|ze|kan|niet|zwemmen.,ze|is|heel|sportief|maar|ze|kan|niet|zwemmen.,0,0,0,0
ze|--speelt|wel|go---ed|basketbal.,ze|f|speelt|wel|go|goed|basketbal.,5.0,0,0,5
en|net|als|ik,|houdt|ze|van|muziek.,en|net|als|ik-|houdt|ze|van|muziek.,1.0,0,1,0
Jeroen|vertelt|dat|ze|niet|kan|lopen,|ze|zit|in|een|rolstoel.,Jeroen|vertelt|dat|ze|niet|kan|lopen.|ze|zit|in|een|rolstoel.,2.0,1,0,0
haar|twee|benen|zijn|verlamd,|zo|is|ze|geboren.,haar|twee|benen|zijn|verlamd.|zo|is|ze|geboren.,2.0,1,0,0
de|bus|nemen|of|ergens|aanbellen|is|voor|haar|niet|gemakkelijk.,de|bus|nemen|of|ergens|aanbellen|is|voor|haar|niet|gemakkelijk.,0,0,0,0
dan|verklapt|hij|dat|ze|snel|zul------------l-------------e--n--|-------samen|wonen.,dan|verklapt|hij|dat|ze|snel|zul...|dan|verklapt|hij|dat|ze|snel|zullen|samen-wonen-,38.0,0,2,36
en|dat|Anneleen|da----n|onze|buurvrouw|wordt.,en|dat|Anneleen|dat|dan|onze|buurvrouw|wordt.,4.0,0,0,4
da-------n|zullen|we|haar|vaak|genoeg|--kunnen|zien!,dat|ze|dan|zullen|we|haar|vaak|genoeg|z|kunnen|zien.,11.0,1,0,9
