Reference, Hypothesis, Dist_score, Nr_of_sub, Nr_of_del, Nr_of_ins
het|brood|is|op.,het|brood|is|op.,0,0,0,0
de|kaas|is|ook|bijna|op.,---kaas|is|ook|bijna|op.,3.0,0,3,0
mama|zegt:|ik|ga|naar|de|wink-el.,mama|zegt-|ik|ga|naar|de|win-kel-,4.0,0,3,1
ik|haal|een|brood|bij|de|bakker.,ik|haal----|brood|bij|de|bakker.,4.0,0,4,0
en|daarna|koop|ik|kaas.,---daarna|koop|ik|kaas.,3.0,0,3,0
wie|gaat|er|mee?,wie|gaat|er|mee?,0,0,0,0
ik|ga|mee,|roept|tom.,ik|ga|mee-|roept|Tom.,1.0,1,1,0
en|ik|haal|poes,|zegt|an.,en|ik|haal|poes-|zegt|An.,1.0,1,1,0
want|poes|gaat|------------g-----raag|naar|buiten.,want|poes|gaat|r|want|poes|gaat|graag|naar|buiten.,17.0,0,0,17
mama|stopt|haar|in|een|mand.,mama|stopt|haar|in|één|mand.,4.0,2,0,0
an|staat|al|klaar|en|wacht.,An|staat|al|klaar|en|wacht.,0.0,1,0,0
ze|heeft|haar|jas|aan.,ze|heeft|haar|jas|aan.,0,0,0,0
maar|waar|is|tom|naar|toe?,maar|waar|is|Tom|naar|toe?,0.0,1,0,0
tom|zoekt|zij-n|schoen.,Tom|zoekt|z--'n|schoen.,3.0,1,2,1
waar|is|die|schoen|toch?,waar|is|die|schoen|toch?,0,0,0,0
ik|tel|tot|tien,|roept|mama.,---tel|tot|tien-|roept|mama.,4.0,0,4,0
tom|zoekt|en|zoekt|maar|door.,Tom|zoekt|en|zo-kt|maar|door.,1.0,1,1,0
waar|blijf|je?|vraagt|mama.,waar|blijf|je-|vraagt|mama.,1.0,0,1,0
de|schoen|ligt|onder|zij-n|bed.,de|schoen|ligt|onder|z--'n|bed.,3.0,0,2,1
snel|loopt|hij|de|gang|in.,snel|loopt|hij|de|gang|in.,0,0,0,0
oef,|net|op|tijd.,oef-|net|op|tijd.,1.0,0,1,0
