Reference, Hypothesis, Dist_score, Nr_of_sub, Nr_of_del, Nr_of_ins
Jeroen|is|onze|buurman.,Jeroen|is|onze|buurman.,0,0,0,0
hij|houdt|van|grapjes|en|is|altijd|vrolijk.,hij|houdt|van|grapjes|en|is|altijd|vrolijk.,0,0,0,0
wanneer|we|voetballen,|doet|hij|graag|mee.,wanneer|we|voetballen-|doet|hij|graag|mee.,1.0,0,1,0
maar|nu|is|hij|verliefd.,maar|nu|is|hij|verliefd.,0,0,0,0
nu|heeft|hij|geen|zin|meer|in|spelen.,nu|heeft|hij|geen|zin|meer|in|spelen.,0,0,0,0
hij|denkt|alleen|maar|aan|haar-|en|loopt|met|zijn|hoofd|in|de|wolken.,hij|denkt|alleen|maar|aan|haar.|en|loopt|met|zijn|hoofd|in|de|wolken.,1.0,0,0,1
mijn|mama|zegt|dat|dat|normaal|is,|als|je|pas|verliefd|bent.,mijn|mama|zegt|dat|dat|normaal|is-|als|je|pas|verliefd|bent.,1.0,0,1,0
en|dat|het|e-en|heel|fijn|gevoel|is.,en|dat|-is|-het|heel|fijn|gevoel|is.,9.0,3,2,1
we|stellen|hem|wel|honderd|vragen.,we|stellen|hem|wel|honderd|vragen.,0,0,0,0
is|ze|knap-|en|---kan|ze|goed|voetballen?,is|ze|knap?|en|va|kan|ze|goed|voetballen?,4.0,0,0,4
zijn|jullie|al|samen|naar|--de|film|geweest?,zijn|jullie|al|samen|naar|e|de|film|geweest?,2.0,0,0,2
wanneer|zien|we|haar|een|keer?,wanneer|zien|we|haar|één|keer?,4.0,2,0,0
haar|naam|is|Anneleen,|vertelt|hij.,haar|naam|is|Anneleen-|vertelt|hij.,1.0,0,1,0
ze|is|heel|sportief-|maar|ze|kan|niet|zwemmen.,ze|is|heel|sportief.|maar|ze|kan|niet|zwemmen.,1.0,0,0,1
ze|speelt|wel|goed|basketbal.,ze|speelt|wel|goed|basketbal.,0,0,0,0
en|net|als|ik,|houdt|ze|van|muziek.,en|net|als|ik-|houdt|ze|van|muziek.,1.0,0,1,0
Jeroen|vertelt|dat|ze|niet|kan|lopen,|ze|zit|in|een|rolstoel.,Jeroen|vertelt|dat|ze|niet|kan|lopen.|ze|zit|in|één|rolstoel.,6.0,3,0,0
haar|twee|benen|zijn|verlamd,|zo|is|---------------z------e|geboren.,haar|twee|benen|zijn|verlamd.|zo|is|het|geboren...|zo|is|ze|geboren.,23.0,1,0,21
de|bus|nemen|of|ergens|aanb--ellen|is|voor|haar|niet|gemakkelijk.,de|bus|nemen|of|ergens|aanb|bellen|is|voor|haar|niet|gemakkelijk.,2.0,0,0,2
dan|verklapt|hij|dat|ze|snel|zullen|---------samen|wonen.,dat|verklapt|hij----|ze|snel|zullen|we|maken|samen|wonen-,16.0,1,5,9
en|dat|Anneleen|dan|---o---n---ze|buurvrouw|wordt.,en|dat|Anneleen|dan|ze|o|dan|onze|buurvrouw|wordt.,9.0,0,0,9
dan|zullen|we---|--------------haar|vaak|genoeg|kunnen|zien!,dan|zullen|we...|dan|zullen|we|haar|vaak|genoeg|kunnen|zien.,19.0,1,0,17
