Reference, Hypothesis, Dist_score, Nr_of_sub, Nr_of_del, Nr_of_ins
Jeroen|is|onze|buurman.,Jeroen|is|onze|buurman.,0,0,0,0
hij|houdt|van|grapjes|en|is|altijd|vrolijk.,hij|houdt|van|grapjes|en|is|altijd|vrolijk.,0,0,0,0
wanneer|we|voetballen,|doet|hij|graag|mee.,wanneer|we|voetballen-|doet|hij|graag|mee.,1.0,0,1,0
maar|nu|is|hij|verliefd.,maar|nu|is|hij|verliefd.,0,0,0,0
nu|heeft|hij|geen|zin|meer|in|spel---e---n.,nu|heeft|hij|geen|zin|meer|in|spel|spellen.,6.0,0,0,6
hij|denkt|alleen|maar|aan|haar|en|loopt|met|zijn|hoofd|in|de|wolken.,hij|denkt|alleen|maar|aan|haar|en|loopt|met|zijn|hoofd|in|de|wolken.,0,0,0,0
mijn|mama|zegt|dat|dat|normaal|is,|als|je|pas|verliefd|bent.,mijn|mama|zeg----t|dat|normaal|is-|als|je|pas|verliefd|bent.,5.0,0,5,0
en|dat|het|een|heel|fijn|gevoel|is.,en|dat|het----|heel|fijn|gevoel|is.,4.0,0,4,0
we|stellen|hem|wel|honderd|vragen.,we|stellen|hem|wel|honderd|vragen.,0,0,0,0
is|ze|knap|en-|kan|ze|goed|voetballen?,is|ze|knap---?|kan|ze|goed|voetballen?,4.0,0,3,1
zijn|jullie|al|samen|naar|----de|film|geweest?,zijn|jullie|al|samen|naar|een|de|film|geweest?,4.0,0,0,4
wanneer|zien|we|haar|een|keer?,wanneer|zien|we|haar|een|keer?,0,0,0,0
haar|naam|is|A--nneleen,|vertelt|hij.,haar|naam|is|A|Anneleen-|vertelt|hij.,3.0,0,1,2
ze|is|heel|sportief-|maar|ze|kan|niet|zwemmen.,ze|is|heel|sportief.|maar|ze|kan|niet|zwemmen.,1.0,0,0,1
ze|speelt|wel|goed|basketbal.,ze|speelt|wel|goed|basketbal.,0,0,0,0
en|net|als|ik,|houdt|ze|van|muziek.,en|net|als|ik-|houdt|ze|van|muziek.,1.0,0,1,0
Jeroen|vertelt|dat|ze|niet|kan|lopen,|ze|zit|in|een|rolstoel.,Jeroen|vertelt|dat|ze|niet|kan|lopen.|ze|zit|in|een|rolstoel.,2.0,1,0,0
haar|twee|benen|zijn|verlamd,|zo|is|ze|geboren.,haar|twee|benen|zijn|verlamd.|zo|is|ze|geboren.,2.0,1,0,0
de|bus|nemen|of|ergens|aanbellen|is|voor|haar|niet|gemakkelijk.,de|bus|nemen|of|ergens|aanbellen|is|voor|haar|niet|gemakkelijk.,0,0,0,0
dan|verklapt|hij-|dat|ze|snel|zullen|samen|wonen.,dan|verklapt|hijs|dat---|snel|zullen|samen|wonen-,5.0,0,4,1
en|dat|Anneleen|dan|onze|buurvrouw|wordt.,en|dat|Anneleen|dan|onze|buurvrouw|wordt.,0,0,0,0
dan|zullen|we|haar|vaak|genoeg|kunnen|zien!,dan|zullen|we|haar|vaak|genoeg|kunnen|zien.,2.0,1,0,0
