Reference, Hypothesis, Dist_score, Nr_of_sub, Nr_of_del, Nr_of_ins
Jeroen|is|onze|buurman.,Jeroen|is|onze|buurman.,0,0,0,0
hij|houdt|van|grapjes|en|-i---s|altijd|vrolijk.,hij|houdt|van|grapjes|en|hij|is|altijd|vrolijk.,4.0,0,0,4
wanneer|we|voetballen,|doet|hij|graag|mee.,wanneer|we|voetballen-|doet|hij|graag|mee.,1.0,0,1,0
maar|nu|is|hij|verliefd.,maar|nu|is|hij|verliefd.,0,0,0,0
nu|heeft|hij|geen|zin|meer|in|spelen.,nu|heeft|hij|geen|zin|meer|in|spelen.,0,0,0,0
hij|denkt|alleen|maar|aan|haar|en|loopt|met|zijn|hoofd|in|de|wolken.,hij|denkt|alleen|maar|aan|haar|en|loopt|met|zijn|hoofd|in|de|wolken.,0,0,0,0
mijn|mama|zegt|dat|dat|nor----maal|is,|als|je|pas|verliefd|bent.,mijn|mama|zeg-|dat|dat|nor|normaal|is-|als|je|pas|verliefd|bent.,6.0,0,2,4
en|dat|het|een|heel|fijn|gevoel|is.,en|dat|het|een|heel|fijn|gevoel|is.,0,0,0,0
we|stellen|hem|wel|honderd|vragen.,we|stellen|hem|wel|honderd|vragen.,0,0,0,0
is|ze|knap|en|kan|ze|goed|voetballen?,is|ze|knap|en|kan|ze|goed|voetballen?,0,0,0,0
zijn|jullie|al|samen|naar|de|film|geweest?,zijn|jullie|al|samen|naar|de|film|geweest?,0,0,0,0
wanneer|zien|we|haar|een|keer?,wanneer|zien|we|haar|een|keer?,0,0,0,0
haar|naam|is|Annel-een,|vertelt|hij.,haar|naam|is|Anne-leen-|vertelt|hij.,3.0,0,2,1
ze|is|heel|sportief|maar|ze|kan|--n--iet|zwemmen.,ze|is|heel|sportief|maar|ze|kan|kan|niet|zwemmen.,4.0,0,0,4
ze|speelt|wel|goed|bask-etbal.,ze|speelt|wel|goed|bas-ketbal-,3.0,0,2,1
en|net|als|ik,|houdt|ze|van|muziek.,en|net|als|ik-|houdt|ze|van|muziek.,1.0,0,1,0
Jeroen|vertelt|dat|ze|niet|kan|lopen,|ze|zit|in|een|rolstoel.,Jeroen|vertelt|dat|ze|niet|kan|lopen.|ze|zit|in|een|rolstoel.,2.0,1,0,0
---haar|twee|benen|zijn|verlamd,----|zo|is|ze|geboren.,ma|haar|twee|benen|zijn|verlam--lamd|zo|is|ze|geboren.,9.0,0,2,7
de|bus|ne-me---n-----|------of|ergens|aanbellen|is|voor|haar|niet|gemakkeli-----------jk.------,de|bus|neememe|neemee|nemen|of|ergens|aanbellen|is|voor|haar|niet|gemakkelig|gemakkelijk.|lijk.,32.0,0,0,32
da-------n|verklapt|hij|dat|ze|snel|zullen|samen|wonen.,dat...|dan|verklapt|hij|dat|ze|snel|zullen|samen|wonen-,8.0,0,1,7
en|dat|A---nneleen|dan|onze|buurvrouw|wordt.,en|dan|al|Anneleen|dan|onze|buurvrouw|wordt.,5.0,2,0,3
dan|zullen|we|haar|vaak|genoeg|kunnen|zien!,dan|zullen|we|haar|vaak|genoeg|kunnen|zien.,2.0,1,0,0
