Reference, Hypothesis, Dist_score, Nr_of_sub, Nr_of_del, Nr_of_ins
Els|en|Bert|spelen|tikkertje.,Els|en|Bert|spelen|tikkertje.,0,0,0,0
ik|krijg|je|wel,|roept|Bert.,ik|krijg|je|wel-|roept|Bert.,1.0,0,1,0
maar|----Els|lo--------------o-pt|de|gang|in.,maar|als|Els|lo|uh|maar|Els|loopt|de|gang|in.,19.0,0,0,19
pak|me|dan,|als|je|kan!,pak|me|dan-|als|je|kan.,3.0,1,1,0
Bert|rent|snel|achter|haar|aan.,Bert|rent|snel|achter|haar|aan.,0,0,0,0
stop,|hijgt|El---s,|er|is|post.,stop-|hijgt|El|Els-|er|is|post.,5.0,0,2,3
er|ligt|een|brief|in|de|bus.,er|ligt|een|brief|in|de|bus.,0,0,0,0
van|wie|is|die?|vraagt|ze|zich|af.,van|wie|is|die-|vraagt|ze|zich|af.,1.0,0,1,0
ook|Bert|denkt|heel|diep|na.,ook|Bert|denkt|heel|diep|na.,0,0,0,0
samen|maken|ze|de|brief|open.,samen|maken|ze|de|brief|open.,0,0,0,0
er|zit|een|grote,|ro---ze|kaart|in.,er|zit|een|grote-|ro|roze|kaart|in.,4.0,0,1,3
de|kaart|brengt|goed|nieuws.,de|kaart|brengt|goed|nieuws.,0,0,0,0
er|is|een|kindje|geboren,|een|meisje!,er|is|een|kindje|geboren-|een|meisje.,3.0,1,1,0
papa|leest|de|kaart|ook.,papa|leest|de|kaart|ook.,0,0,0,0
wil|je|het|kindje|zien?|vraagt|papa.,wil|je|het|kindje|zien?|vraagt|papa.,0,0,0,0
ja,|roepen|Bert|en|Els.,ja-|roepen|Bert|en|Els.,1.0,0,1,0
ze|dansen|rond|de|tafel.,ze|dansen|rond|de|tafel.,0,0,0,0
ze|doen|heel|gek|en|wild.,ze|doen|heel|gek|en|wild.,0,0,0,0
en|dan|knutselen|we|-een|pakje,|zegt|papa.,en|dan|knutselen|we|!een|pakje-|zegt|papa.,2.0,0,1,1
dat|vin----den|ze|---------e---------en|-------leuk|plan.,dat|vin|vinden|ze|vast...|ze|dat|vinden|ze|een|leuk|plan.,29.0,0,0,29
