Reference, Hypothesis, Dist_score, Nr_of_sub, Nr_of_del, Nr_of_ins
Jeroen|is|onze|buurman.,Jeroen|is|onze|buurman.,0,0,0,0
hij|houdt|van|grapjes|en|is|altijd|vrolijk.,hij|houdt|van|grapjes|en|is|altijd|vrolijk.,0,0,0,0
wanneer|we|voetballen,|doet|hij|graag|mee.,wanneer|we|voetballen-|doet|hij|graag|mee.,1.0,0,1,0
maar|nu|is|hij|verliefd.,maar|nu|is|hij|verliefd.,0,0,0,0
nu|heeft|hij|geen|zin|meer|in|spelen.,nu|heeft|hij|geen|zin|meer|in|spelen.,0,0,0,0
hij|denkt|alleen|maar|aan|haar-|en|loopt|met|zijn|hoofd|in|de|wolken.,hij|denkt|alleen|maar|aan|haar.|en|loopt|met|zijn|hoofd|in|de|wolken.,1.0,0,0,1
mijn|mama|zegt|dat|dat|normaal|is,|als|je|pas|verliefd|bent.,mijn|mama|zegt|dat|dat|normaal|is-|als|je|pas|verliefd|bent.,1.0,0,1,0
en|dat|het|-ee-----n|--------------he--e------l|fijn|gevoel|is.,en|dat|het|heel|fijn|gevoel|en|dat|het|een|heel|fijn|gevoel|is.,28.0,0,0,28
we|stellen|hem|wel|honderd|vragen.,we|stellen|hem|wel|honderd|vragen.,0,0,0,0
is|ze|knap|en|kan|ze|goed|voetballen?,is|ze|knap|en|kan|ze|goed|voetballen?,0,0,0,0
zijn|jullie|al|samen|naar|de|film|geweest?,zijn|jullie|al|samen|naar|de|film|geweest?,0,0,0,0
wanneer|zien|-------------------------w------e--|--------haar|een|keer?,wanneer|zien|jullie|ha|haar|één|keer?|wa|wanneer|zien|we|haar|een|keer?,41.0,0,0,41
haar|n--aa-----m|is|Anneleen,|vertelt|hij.,haar|n|haar|naam|is|Anneleen.|vertelt|hij.,9.0,1,0,7
ze|is|heel|sportief-|maar|ze|kan|niet|zwemmen.,ze|is|heel|sportief.|maar|ze|kan|niet|zwemmen.,1.0,0,0,1
ze|speelt|wel|goed|basketbal.,ze|speelt|wel|goed|basketbal.,0,0,0,0
en|n---et|als|ik,|ho---udt|ze|van|muziek.,en|na|net|als|ik-|ho|houdt|ze|van|muziek.,7.0,0,1,6
Jeroen|vertelt|dat|ze|niet|kan|lopen,|ze|zit|in|een|rolstoel.,Jeroen|vertelt|dat|ze|niet|kan|lopen.|ze|zit|in|een|rolstoel.,2.0,1,0,0
haar|twee|benen|zijn|verlamd,|zo|is|ze|geboren.,haar-----|benen|zijn|verlamd.|ze|is|zo|geboren.,11.0,3,5,0
de|bus|nemen|of|ergens|a------a-nbellen|is|voor|haar|niet|gemakkelijk.,de|bus|nemen|of|ergens|anders|aanbellen|is|voor|haar|niet|gemakkelijk.,7.0,0,0,7
dan|verk-lapt|hij|dat|ze|snel|zullen|samen|wonen.,dan|ver-klapt|hij|dat|ze|snel|zullen|samen-wonen.,3.0,0,2,1
en|dat|Anneleen|dan|onze|buurvrouw|wordt.,en|dat|Anneleen|dan|onze|buurvrouw|wordt.,0,0,0,0
dan|zullen|we|haar|vaak|genoeg|kunnen|zien!,dan|zullen|we|haar|vaak|genoeg|kunnen|zien.,2.0,1,0,0
