Reference, Hypothesis, Dist_score, Nr_of_sub, Nr_of_del, Nr_of_ins
Jeroen|is|onze|buurman.,Jeroen|is|onze|buurman.,0,0,0,0
hij|houdt|van|grapjes|en|is|altijd|vrolijk.,hij|houdt|van|grapjes|en|is|altijd|vrolijk.,0,0,0,0
wanneer|we|voetballen,|doet|hij|graag|mee.,wanneer|we|voetballen-|doet|hij|graag|mee.,1.0,0,1,0
maar|nu|is|hij|verliefd.,maar|nu|is|hij|verliefd.,0,0,0,0
----nu|heeft|hij|geen|zin|meer|in|spelen.,hij|nu|heeft|hij|geen|zin|meer|in|spelen.,4.0,0,0,4
hij|denkt|alleen|maar|aan|haar|en|loopt|met|zijn|hoofd|in|de|wolken.,hij|denkt|alleen|maar|aan|haar|en|loopt|met|zijn|hoofd|in|de|wolken.,0,0,0,0
mijn|mama|zegt|dat|dat|normaal|is,|als|je|pas|verliefd|bent.,mijn|mama|zegt|dat|dat|normaal|is-|als|je|pas|verliefd|bent.,1.0,0,1,0
en|-------dat|het|een|heel|fijn|ge----voel|is.,en|mmm|en|dat|het|een|heel|fijn|gel|gevoel|is.,11.0,0,0,11
we|stellen|hem|wel|honderd--|--------vragen.,we|stellen|hem|wel|honderden|honderd|vragen.,10.0,0,0,10
is|ze|knap|en|------kan|ze|goed|voetballen?,is|ze|knap|en|ze|en|kan|ze|goed|voetballen?,6.0,0,0,6
zijn|jullie|al|samen|naar|de|film|geweest?,zijn|jullie|al|samen|naar|de|film|geweest?,0,0,0,0
wanneer|zien|we|haar|een|keer?,wanneer|zien|we|haar|een|keer?,0,0,0,0
haar|naam|is|Ann----el----e-e-n,|vertelt|hij.,haar|naam|is|Ann|Annel|Anneleen-|vertelt|hij.,11.0,0,1,10
ze|is|-h--eel|sportief|maar|ze|kan|niet|zwemmen.,ze|is|uh|heel|sportief|maar|ze|kan|niet|zwemmen.,3.0,0,0,3
ze|speelt|wel|goed|ba-------sket-------------bal.,ze|speelt|wel|goed|ba|uhm|basket|nee|ik|weet|bal.,20.0,0,0,20
en|net|als|ik,|hou-------dt|ze|van|muziek.,en|net|als|ik-|hou|ze|houdt|ze|van|muziek.,8.0,0,1,7
Jeroen|----------------vertelt|dat|ze|niet|kan|lopen,|ze|zit|in|een|rolstoel.,Jeroen|dat|ze|n|Jeroen|vertelt|dat|ze|niet|kan|lopen.|ze|zit|in|een|rolstoel.,18.0,1,0,16
haar|twee|benen|zijn|verlamd,|zo|is|ze|---geboren.,haar|twee|benen|zijn|verlamd.|zo|is|ze|be|geboren.,5.0,1,0,3
de|bus|ne----------men|of|ergens|aanbellen|is|voor|haar|niet|gemakkelijk.,de|bus|ne|de|bus|nemen|of|ergens|aanbellen|is|voor|haar|niet|gemakkelijk.,10.0,0,0,10
dan|verklapt|hij|--dat|ze|snel|zullen|samen|wonen.,dan|verklapt|hij|a|dat|ze|snel|zullen|samen|wonen-,3.0,0,1,2
en|dat|Annelee--n------|dan|onze|buurvrouw|wordt.,en|dat|Annelee|Anneleen|dan|onze|buurvrouw|wordt.,8.0,0,0,8
dan|zullen|we|haar|vaak|genoeg|kunnen|zien!,dan|zullen|we|haar|vaak|genoeg|kunnen|zien.,2.0,1,0,0
