Reference, Hypothesis, Dist_score, Nr_of_sub, Nr_of_del, Nr_of_ins
Jeroen|is|onze|buurman.,Jeroen|is|onze|buurman.,0,0,0,0
hij|houdt|van|grapjes|en|is|altijd|vrolijk.,hij|houdt|van|grapjes|en|is|altijd|vrolijk.,0,0,0,0
wanneer|w----e|voetballen,|doet|hij|graag|mee.,wanneer|wil|je|voetballen?|doet|hij|graag|mee?,8.0,2,0,4
maar|nu|is|hij|verliefd.,maar|nu|is|hij|verliefd.,0,0,0,0
nu|heeft|hij|geen|zin|meer|in|spelen.,nu|heeft|hij|geen|zin|meer|in|spelen.,0,0,0,0
hij|denkt|alleen|maar|aan|haar|en|loopt|met|zijn|hoofd|in|de|wolken.,hij|denkt|alleen|maar|aan|haar|en|loopt|met|zijn|hoofd|in|de|wolken.,0,0,0,0
mijn|mama|zegt|dat|dat|normaal|is,|als|je|pas|verliefd|bent.,mijn|mama|zegt|dat|dat|normaal|is-|als|je|pas|verliefd|bent-,2.0,0,2,0
en|dat|het|een|heel|fijn|gevoel|is.,en|dat|het|een|heel|fijn|gevoel|is.,0,0,0,0
-w--e|stellen|hem|wel|honderd--|vragen.,!w|we|ste-len|hem|wel|honderden|vragen.,6.0,0,1,5
is|ze|knap-|en|kan|ze|goed|voetballen?,is|ze|knap?|en|kan|ze|goed|voetballen?,1.0,0,0,1
zijn|jullie|-a--l|samen|naar|de|film|geweest?,zijn|jullie|sa|al|samen|naar|de|film|geweest?,3.0,0,0,3
wanneer|zie---------n----|-----we|haar|een|keer?,wanneer|zie|we|ha|wanneer|zien|we|haar|een|keer?,18.0,0,0,18
haar|naam|is|Anneleen,|vertelt|hij.,haar|naam|is|Anneleen-|vertelt|hij.,1.0,0,1,0
ze|is|heel|sportief-|maar|ze|kan|niet|zwemmen.,ze|is|heel|sportief.|maar|ze|kan|niet|zwemmen.,1.0,0,0,1
ze|speelt|wel|goed|basketbal.,ze|speelt|wel|goed|basketbal-,1.0,0,1,0
en|net|als|ik,|houdt|ze|van|muziek.,en|net|als|ik-|houdt|ze|van|muziek.,1.0,0,1,0
Jeroen|vertelt|dat|ze|niet|kan|lopen,|ze|zit|in|een|rolstoel.,Jeroen|vertelt|dat|ze|niet|kan|lopen.-ze|zit|in|een|rolstoel.,3.0,1,1,0
haar|twee|benen|zijn|verlamd,|zo|is|ze|geb-o---------ren.,haar|twee|benen|zijn|verlamd.|zo|is|ze|gebroken.|geboren.,12.0,1,0,10
de|bus|nemen|of|ergens|aanbellen|is|voor|haar-|niet|gemakkelijk.,de|bus|nemen|of|ergens|aanbellen|is|voor|h-are|niet|gemakkelijk.,2.0,0,1,1
dan|verklapt|hij|dat|ze|snel|zullen|samen|wonen.,dan|verklapt|hij|dat|ze|snel|zullen|samen|wonen.,0,0,0,0
en|dat|Annel----e-e-n|dan|onze|buurvrouw|wordt.,en|dat|Annel|Anneleen|dan|onze|buurvrouw|wordt.,6.0,0,0,6
dan|zullen|we|haar|vaak|genoeg|kunnen|zien!,dan|zullen|we|haar|vaak|genoeg|kunnen|zien.,2.0,1,0,0
