Reference, Hypothesis, Dist_score, Nr_of_sub, Nr_of_del, Nr_of_ins
nog|een|dag|of--|vier.---------------------------------,nog|een|dag|over|vier...|nog|één|dag|over|vier.|of|vier,37.0,1,0,35
dan|is|jan|zes|jaar.,dan|is|Jan|zes|jaar.,0.0,1,0,0
ik|geef|je|iets,|zegt|lies.,ik|geef---|iets-|zegt|Lies.,4.0,1,4,0
weet|je|al|wat|je|wilt?,weet|je|al|wat|je|wilt?,0,0,0,0
dat|weet|jan|wel.,dat|weet|Jan|wel.,0.0,1,0,0
een|bal|of|een|beer.,een|bal|of|een|beer.,0,0,0,0
een|pen|of|een|-------boek.,een|pen|of|een|of|een|boek.,7.0,0,0,7
of|een|vis|in|een|kom.,of|een|vis|in|een|kom.,0,0,0,0
wat|---------een|lijst,|roept|lies.,wat|lijs|wat|een|lijst-|roept|Lies.,10.0,1,1,9
ik|kies|---wel|iets.------------------,ik|kies|je|wel|iets.|ik|kies|wel|iets.,21.0,0,0,21
-en|steek|het|in|e-en|doos,|zegt|ze.,het|st-o--p-t|in|-de-|doos-|zegt|ze.,15.0,3,7,2
nu|is|het|feest.,nu|is|het|feest.,0,0,0,0
jan|is|zes|jaar.,Jan|is|zes|jaar.,0.0,1,0,0
hij|heeft|een|kroon.,hij|heeft|een|kroon.,0,0,0,0
en|---------er|is----|taart|en|snoep.,er|staat...|er|-staat|taart|en|snoep.,16.0,1,1,13
lies|geeft|de|doos|aan|jan.,Lies|geeft|de|doos|aan|Jan.,0.0,2,0,0
geen|bal|----of|-----beer,|---geen|--pen|of|-----boek.,Geen|bal|bal|of|geen|beer-|of|geen|b|pen|of|geen|boek.,20.0,1,1,19
maar|een|kom|voor|een|vis.,maar|een|kom|voor|een|vis.,0,0,0,0
zes|jaar|zij--n,|is|heel|fijn.,zes|jaar|-is|er-|is|heel|fijn.,8.0,2,2,2
