Reference, Hypothesis, Dist_score, Nr_of_sub, Nr_of_del, Nr_of_ins
Jeroen|is|onze|buurman.,Jeroen|is|onze|buurman.,0,0,0,0
hij|houdt|van|grapjes|en|is|altijd|vrolijk.,hij|houdt|van|grapjes|en|is|altijd|vrolijk.,0,0,0,0
wanneer|we|voetballen,|doet|hij|graag|mee.,wanneer|we|voetballen-|doet|hij|graag|mee.,1.0,0,1,0
maar|nu|is|hij|verliefd.,maar|nu|is|hij|verliefd.,0,0,0,0
nu|heeft|hij|geen|zin|meer|in|spelen.,nu|heeft|hij|geen|zin|meer|in|spelen.,0,0,0,0
hij|denkt|alleen|maar|aan|haar|en|loopt|met|zijn|hoofd|in|de|wolken.,hij|denkt|alleen|maar|aan|haar|en|loopt|met|zijn|hoofd|in|de|wolken.,0,0,0,0
mijn|mama|zegt|dat|dat|normaal|is,|als|je|pas|verliefd|bent.,mijn|mama|zegt|dat|dat|normaal|is-|als|je|pas|verliefd|bent.,1.0,0,1,0
en|dat|het|een|heel|fijn|gevoel|is.,en|dat|het|één|heel|fijn|gevoel|is.,4.0,2,0,0
we|stellen|hem|wel|honderd--|vragen.,we|stellen|hem|wel|honderden|vragen.,2.0,0,0,2
is|ze|---knap|en|kan|---ze|----goed|voetballen?,---ze|is|knap|en|kan|en|ze|kan|goed|voetballen.,15.0,1,3,10
zijn|jullie|al|samen|naar|de|film|geweest?,zijn|jullie|al|samen|naar|de|film|geweest?,0,0,0,0
wanneer|zien|we|haar|een|keer?,wanneer|zien|we|haar|één|keer?,4.0,2,0,0
haar|naam|is|Anneleen,|vertelt|hij.,haar|naam|is|Anneleen-|vertelt|hij.,1.0,0,1,0
ze|is|heel|sportief|maar|ze|kan|niet|zwemmen.,ze|is|heel|sportief|maar|ze|kan|niet|zwemmen.,0,0,0,0
ze|speelt|wel|goed|----basketbal.,ze|speelt|wel|goed|met|basketbal.,4.0,0,0,4
en|-n--et|als|ik,|houdt|ze|van|muziek.,en|en|net|als|ik-|houdt|ze|van|muziek.,4.0,0,1,3
Jeroen|vertelt|dat|ze|niet|kan|lopen,|ze|zit|in|-e-en|----rolstoel.,Jeroen|vertelt|dat|ze|niet|kan|lopen.|ze|zit|in|de|in|één|rolstoel.,10.0,2,0,6
haar|twee|benen|zijn|verla------md,|zo|is|ze|geboren.,haar|twee|benen|zijn|verla|verlamd.|zo|is|ze|geboren.,8.0,1,0,6
de|bus|nemen|of|ergens|aanbellen|is|voor|haar|niet|gemakkelijk.,de|bus|nemen|of|ergens|aanbellen|is|voor|haar|niet|gemakkelijk.,0,0,0,0
dan|verklapt|hij|dat|ze|snel|zullen|samen|wonen.,dan|verklap-|hij|dat|ze|snel|zullen|samen|wonen.,1.0,0,1,0
en|dat|Anneleen|---dan|onze|buurvrouw|wordt.,en|dat|Anneleen|on|dan|onze|buurvrouw|wordt.,3.0,0,0,3
dan|zullen|we|haar|----va------------a------k|genoeg|kunnen|zien!,dan|zullen|we|haar|één|va|zullen|we|haar|vaak|genoeg|kunnen|zien.,24.0,1,0,22
