Reference, Hypothesis, Dist_score, Nr_of_sub, Nr_of_del, Nr_of_ins
Els|en|Bert|spelen|tikkertje.,Els|en|Bert|spelen|tikkertje.,0,0,0,0
ik|krijg|je|wel,|roept|Bert.,ik|krijg|je|wel-|roept|Bert.,1.0,0,1,0
maar|Els|loopt|de|gang|in.,maar|Els|loopt|de|gang|in.,0,0,0,0
pak|me|dan,|als|je|kan!,pak|me|dan-|als|je|kan.,3.0,1,1,0
Be---rt|rent|snel|achter|haar|aan.,be|Bert|rent|snel|achter|haar|aan.,3.0,1,0,3
stop,|hijgt|Els,|er|is|post.,stop-|hijgt|Els-|er|is|post.,2.0,0,2,0
er|ligt|een|brief|in|de|bus.,er|ligt|een|brief|in|de|bus.,0,0,0,0
van|wie|is|die?|vraagt|ze|z--ich|af.,van|wie|is|die?|vraagt|ze|z|zich|af.,2.0,0,0,2
ook|Bert|denkt|heel|diep|na.,ook|Bert|denkt|heel|diep|na.,0,0,0,0
samen|make-----n|ze|de|brief|open.,samen|make|maken|ze|de|brief|open.,5.0,0,0,5
er|zit|een|gro-te,|ro-ze|kaart|in.,er|zit|een|groot--|rooze|kaart|in.,4.0,0,2,2
de|kaart|breng--t|goed|nieuws.,de|kaart|b-e-gint|goed|nieuws.,4.0,0,2,2
er|is|een|kindje|geboren,|een|meisje!,er|is|een|kindje|geboren-|een|meisje.,3.0,1,1,0
papa|leest|de|kaart|ook.,papa|leest|de|kaart|ook.,0,0,0,0
wil|je|he----t|kindje|zien?|vraagt|papa.,wil|je|hem|het|kindje|zien?|vraagt|papa.,4.0,0,0,4
ja,|roepen|Bert|en|Els.,ja-|riepen|Bert|en|Els.,3.0,1,1,0
ze|dansen|rond|de|tafel.,ze|dansen|rond|de|tafel.,0,0,0,0
ze|doen|heel|gek|en|wild.,ze|doen|heel|gek|en|wild.,0,0,0,0
en|dan|k-n--u-----tselen|we|een|pakje,|zegt|papa.,en|dan|kun|kun|knutselen|we|een|pakje-|zegt|papa.,9.0,0,1,8
dat|vinden|ze|een|leuk|plan.,dat|vinden|ze|een|leuk|plan.,0,0,0,0
