Reference, Hypothesis, Dist_score, Nr_of_sub, Nr_of_del, Nr_of_ins
Jeroen|-------is|onze|buurman.,Jeroen|Jeroen|is|onze|buurman.,7.0,0,0,7
hij|houdt|van|grapjes|en|---i--------------------s|altijd|vrolijk.,hij|houdt|van|grapjes|en|altijd|vrolijk.|en|hij|is|altijd|vrolijk.,23.0,0,0,23
wanneer|we|voetballen,|doet|hij|graag|mee.,wanneer|we|voetballen-|doet|hij|graag|mee.,1.0,0,1,0
maar|nu|is|hij|verliefd.,maar|nu|is|hij|verliefd.,0,0,0,0
nu|heeft|-----------h------ij|geen|zin|meer|in|spelen.,nu|heeft|geen...|nu|heeft|hij|geen|zin|meer|in|spelen.,17.0,0,0,17
hij|denkt|alleen|maar|aan|haar-|en|loopt|met|zijn|hoofd|in|de|wolken.,hij|denkt|alleen|maar|aan|haar.|en|loopt|met|zijn|hoofd|in|de|wolken.,1.0,0,0,1
mijn|mama|zegt|dat|dat|normaal|is,|als|je|pas|verliefd|bent.,mijn|mama|zegt|dat|dat|normaal|is-|als|je|pas|verliefd|bent.,1.0,0,1,0
en|dat|het|-een|heel|fij----n|gevoel|is.,en|dat|het|hie-|heel|fij|fijn|gevoel|is.,8.0,1,1,5
we|stellen|hem|wel|honderd|vragen.,we|stellen|hem|wel|honderd|vragen.,0,0,0,0
is|ze|knap|en|kan|ze|goed|voetballen?,is|ze|knap|en|kan|ze|goed|voetballen?,0,0,0,0
zijn|jullie|al|samen|naar|de|film|geweest?,zijn|jullie|al|samen|naar|de|film|geweest?,0,0,0,0
wanneer|zien|we|haar|een|keer?,wanneer|zien|we|haar|een|keer?,0,0,0,0
haar|naam|is|Anneleen,|vertelt|---hij.,haar|naam|is|Anneleen.|vertelt|ze|hij.,5.0,1,0,3
ze|is|heel|sportief|maar|ze|kan|niet|zwemmen.,ze|is|heel|sportief|maar|ze|kan|niet|zwemmen.,0,0,0,0
ze|speelt|wel|goed|basketbal.,ze|speelt|wel|goed|basketbal.,0,0,0,0
en|net|a--l----------s|ik,|houdt|ze|van|muziek.,en|net|a|al|en|net|als|ik-|houdt|ze|van|muziek.,13.0,0,1,12
Jeroen|vertelt|dat|ze|niet|kan|lopen,|ze|zit|in|een|rolstoel.,Jeroen|vertelt|dat|ze|niet|kan|lopen-|ze|zit|in|een|rolstoel.,1.0,0,1,0
haar|twee|benen|zijn|verlamd,|zo|is|ze|geboren.,haar|twee|benen|zijn|verlamd-|zo|is|ze|geboren-,2.0,0,2,0
de|bus|nemen|of|ergens|aanbellen|is|voor|haar|niet|----gemakkelijk.,de|bus|nemen|of|ergens|aanbellen|is|voor|haar|niet|mak|gemakkelijk.,4.0,0,0,4
dan|verklapt|hij|dat|ze|snel|zullen|samen|wonen.,dat|verklapt|hij|dat|ze|snel|zullen|samen|wonen.,2.0,1,0,0
en|dat|Anneleen|dan|onze|buurvrouw|wordt.,en|dat|Anneleen|dan|onze|buurvrouw|wordt.,0,0,0,0
dan|zullen|we|haar|vaak|genoeg|kunnen|zien!,dan|zullen|we|haar|vaak|genoeg|kunnen|zien.,2.0,1,0,0
